<?xml version="1.0" encoding="UTF-8"?>
<!-- Generated by org.testng.reporters.JUnitReportReporter -->
<testsuite hostname="Mariams-MacBook-Pro.local" failures="0" tests="1" name="Register.RegisterClass" time="26.666" errors="0" timestamp="2025-09-05T23:42:41 EEST" skipped="0">
  <testcase classname="Register.RegisterClass" name="TC1_RegisterUser" time="26.666"/>
</testsuite> <!-- Register.RegisterClass -->
