<?xml version="1.0" encoding="UTF-8"?>
<!-- Generated by org.testng.reporters.JUnitReportReporter -->
<testsuite hostname="Mariams-MacBook-Pro.local" failures="0" tests="1" name="ProductsClass" time="11.365" errors="0" timestamp="2025-09-02T02:08:28 EEST" skipped="0">
  <testcase classname="ProductsClass" name="TC13_ProductQuantiy" time="11.365"/>
</testsuite> <!-- ProductsClass -->
