<?xml version="1.0" encoding="UTF-8"?>
<!-- Generated by org.testng.reporters.JUnitReportReporter -->
<testsuite hostname="Mariams-MacBook-Pro.local" failures="0" tests="1" name="Home.ContactUsClass" time="17.286" errors="0" timestamp="2025-09-01T22:02:14 EEST" skipped="0">
  <testcase classname="Home.ContactUsClass" name="TC6_ContactUsForm" time="17.286"/>
</testsuite> <!-- Home.ContactUsClass -->
