<?xml version="1.0" encoding="UTF-8"?>
<!-- Generated by org.testng.reporters.JUnitReportReporter -->
<testsuite hostname="Mariams-MacBook-Pro.local" failures="0" tests="3" name="Home.NavigationClass" time="26.955" errors="0" timestamp="2025-09-02T19:36:43 EEST" skipped="0">
  <testcase classname="Home.NavigationClass" name="TC6_ContactUsForm" time="14.845"/>
  <testcase classname="Home.NavigationClass" name="TC7_TestCasesPage" time="5.861"/>
  <testcase classname="Home.NavigationClass" name="TC11_CartSubscription" time="6.249"/>
</testsuite> <!-- Home.NavigationClass -->
