<?xml version="1.0" encoding="UTF-8"?>
<!-- Generated by org.testng.reporters.JUnitReportReporter -->
<testsuite hostname="Mariams-MacBook-Pro.local" failures="0" tests="1" name="Products.CheckoutClass" time="45.337" errors="0" timestamp="2025-09-02T23:58:02 EEST" skipped="0">
  <testcase classname="Products.CheckoutClass" name="TC14_RegisterBeforeCheckout" time="45.337"/>
</testsuite> <!-- Products.CheckoutClass -->
