<?xml version="1.0" encoding="UTF-8"?>
<!-- Generated by org.testng.reporters.JUnitReportReporter -->
<testsuite hostname="Mariams-MacBook-Pro.local" failures="0" tests="3" name="Login.LoginTest" time="64.480" errors="0" timestamp="2025-09-15T17:42:39 EEST" skipped="0">
  <testcase classname="Login.LoginTest" name="TC4_LogoutUser" time="23.048"/>
  <testcase classname="Login.LoginTest" name="TC3_InCorrectLogin" time="7.292"/>
  <testcase classname="Login.LoginTest" name="TC2_CorrectLogin" time="34.140"/>
</testsuite> <!-- Login.LoginTest -->
