<?xml version="1.0" encoding="UTF-8"?>
<!-- Generated by org.testng.reporters.JUnitReportReporter -->
<testsuite hostname="Mariams-MacBook-Pro.local" failures="0" tests="1" name="Login.LoginClass" time="31.641" errors="0" timestamp="2025-09-06T00:14:44 EEST" skipped="0">
  <testcase classname="Login.LoginClass" name="TC2_CorrectLogin" time="31.641"/>
</testsuite> <!-- Login.LoginClass -->
