<?xml version="1.0" encoding="UTF-8"?>
<!-- Generated by org.testng.reporters.JUnitReportReporter -->
<testsuite hostname="Mariams-MacBook-Pro.local" failures="0" tests="3" name="Checkout.CheckoutClass" time="227.883" errors="0" timestamp="2025-09-03T00:47:41 EEST" skipped="0">
  <testcase classname="Checkout.CheckoutClass" name="TC14_RegisterAfterCheckout" time="45.018"/>
  <testcase classname="Checkout.CheckoutClass" name="TC16_LoginBeforeCheckout" time="44.797"/>
  <testcase classname="Checkout.CheckoutClass" name="TC15_RegisterBeforeCheckout" time="138.068"/>
</testsuite> <!-- Checkout.CheckoutClass -->
