<?xml version="1.0" encoding="UTF-8"?>
<!-- Generated by org.testng.reporters.JUnitReportReporter -->
<testsuite hostname="Mariams-MacBook-Pro.local" failures="0" tests="3" name="Home.HomeTest" time="18.328" errors="0" timestamp="2025-09-15T17:42:39 EEST" skipped="0">
  <testcase classname="Home.HomeTest" name="TC10_HomeSubscription" time="4.996"/>
  <testcase classname="Home.HomeTest" name="TC26_ScrollUp" time="6.742"/>
  <testcase classname="Home.HomeTest" name="TC25_ArrowScrollUp" time="6.590"/>
</testsuite> <!-- Home.HomeTest -->
