<?xml version="1.0" encoding="UTF-8"?>
<!-- Generated by org.testng.reporters.JUnitReportReporter -->
<testsuite hostname="Mariams-MacBook-Pro.local" failures="0" tests="3" name="Home.NavigationTest" time="24.852" errors="0" timestamp="2025-09-15T17:42:39 EEST" skipped="0">
  <testcase classname="Home.NavigationTest" name="TC6_ContactUsForm" time="11.871"/>
  <testcase classname="Home.NavigationTest" name="TC11_CartSubscription" time="7.746"/>
  <testcase classname="Home.NavigationTest" name="TC7_TestCasesPage" time="5.235"/>
</testsuite> <!-- Home.NavigationTest -->
