<?xml version="1.0" encoding="UTF-8"?>
<!-- Generated by org.testng.reporters.JUnitReportReporter -->
<testsuite hostname="Mariams-MacBook-Pro.local" failures="0" tests="1" name="Home.TestCasesClass" time="9.983" errors="0" timestamp="2025-09-01T22:02:14 EEST" skipped="0">
  <testcase classname="Home.TestCasesClass" name="TC7_TestCasesPage" time="9.983"/>
</testsuite> <!-- Home.TestCasesClass -->
