<?xml version="1.0" encoding="UTF-8"?>
<!-- Generated by org.testng.reporters.JUnitReportReporter -->
<testsuite hostname="Mariams-MacBook-Pro.local" failures="0" tests="2" name="Register.RegisterTest" time="31.625" errors="0" timestamp="2025-09-15T17:42:39 EEST" skipped="0">
  <testcase classname="Register.RegisterTest" name="TC1_RegisterUser" time="23.124"/>
  <testcase classname="Register.RegisterTest" name="TC5_ExistRegister" time="8.501"/>
</testsuite> <!-- Register.RegisterTest -->
