<?xml version="1.0" encoding="UTF-8"?>
<!-- Generated by org.testng.reporters.JUnitReportReporter -->
<testsuite hostname="Mariams-MacBook-Pro.local" failures="0" tests="5" name="Checkout.CheckoutTest" time="166.266" errors="0" timestamp="2025-09-15T17:42:39 EEST" skipped="0">
  <testcase classname="Checkout.CheckoutTest" name="TC24_DownloadInvoice" time="36.787"/>
  <testcase classname="Checkout.CheckoutTest" name="TC14_RegisterAfterCheckout" time="33.791"/>
  <testcase classname="Checkout.CheckoutTest" name="TC23_VerifyAddressDetails" time="24.517"/>
  <testcase classname="Checkout.CheckoutTest" name="TC16_LoginBeforeCheckout" time="35.223"/>
  <testcase classname="Checkout.CheckoutTest" name="TC15_RegisterBeforeCheckout" time="35.948"/>
</testsuite> <!-- Checkout.CheckoutTest -->
