<?xml version="1.0" encoding="UTF-8"?>
<!-- Generated by org.testng.reporters.JUnitReportReporter -->
<testsuite hostname="Mariams-MacBook-Pro.local" failures="0" tests="1" name="Home.HomeClass" time="5.027" errors="0" timestamp="2025-09-02T21:17:43 EEST" skipped="0">
  <testcase classname="Home.HomeClass" name="TC25_ArrowScrollUp" time="5.027"/>
</testsuite> <!-- Home.HomeClass -->
