<?xml version="1.0" encoding="UTF-8"?>
<!-- Generated by org.testng.reporters.JUnitReportReporter -->
<testsuite hostname="Mariams-MacBook-Pro.local" failures="0" tests="4" name="Products.HomeProductsTest" time="75.175" errors="0" timestamp="2025-09-15T17:42:39 EEST" skipped="0">
  <testcase classname="Products.HomeProductsTest" name="TC18_CategoryProducts" time="14.273"/>
  <testcase classname="Products.HomeProductsTest" name="TC22_RecommendedItems" time="32.504"/>
  <testcase classname="Products.HomeProductsTest" name="TC13_ProductQuantiy" time="13.340"/>
  <testcase classname="Products.HomeProductsTest" name="TC17_RemoveProductsFromCart" time="15.058"/>
</testsuite> <!-- Products.HomeProductsTest -->
