<?xml version="1.0" encoding="UTF-8"?>
<!-- Generated by org.testng.reporters.JUnitReportReporter -->
<testsuite hostname="Mariams-MacBook-Pro.local" failures="0" tests="6" name="Products.ProductsTest" time="130.333" errors="0" timestamp="2025-09-15T17:42:39 EEST" skipped="0">
  <testcase classname="Products.ProductsTest" name="TC12_AddProductsToCart" time="19.745"/>
  <testcase classname="Products.ProductsTest" name="T21_AddReview" time="16.589"/>
  <testcase classname="Products.ProductsTest" name="TC8_ProductDetails" time="17.254"/>
  <testcase classname="Products.ProductsTest" name="T20_SearchProductsLogin" time="37.454"/>
  <testcase classname="Products.ProductsTest" name="TC19_BrandProducts" time="17.608"/>
  <testcase classname="Products.ProductsTest" name="TC9_SearchProducts" time="21.683"/>
</testsuite> <!-- Products.ProductsTest -->
